# JRE version: OpenJDK Runtime Environment (15.0.2+7) (build 15.0.2+7-27)
# Java VM: OpenJDK 64-Bit Server VM (15.0.2+7-27, mixed mode, tiered, compressed oops, g1 gc, windows-amd64)
GC Precious Log:
 CPUs: 8 total, 8 available
 Memory: 7880M
 Large Page Support: Disabled
 NUMA Support: Disabled
 Compressed Oops: Enabled (32-bit)
 Heap Region Size: 1M
 Heap Min Capacity: 8M
 Heap Initial Capacity: 124M
 Heap Max Capacity: 1972M
 Pre-touch: Disabled
 Parallel Workers: 8
 Concurrent Workers: 2
 Concurrent Refinement Workers: 8
 Periodic GC: Disabled
Heap:
 garbage-first heap   total 40960K, used 14405K [0x0000000084c00000, 0x0000000100000000)
  region size 1024K, 7 young (7168K), 3 survivors (3072K)
 Metaspace       used 35528K, capacity 35835K, committed 35840K, reserved 1081344K
  class space    used 3845K, capacity 3968K, committed 3968K, reserved 1048576K
GC Heap History (20 events):
Event: 2.036 GC heap before
{Heap before GC invocations=1 (full 0):
 garbage-first heap   total 126976K, used 33100K [0x0000000084c00000, 0x0000000100000000)
  region size 1024K, 31 young (31744K), 3 survivors (3072K)
 Metaspace       used 17515K, capacity 17676K, committed 17920K, reserved 1064960K
  class space    used 1690K, capacity 1729K, committed 1792K, reserved 1048576K
}
Event: 2.045 GC heap after
{Heap after GC invocations=2 (full 0):
 garbage-first heap   total 126976K, used 5737K [0x0000000084c00000, 0x0000000100000000)
  region size 1024K, 2 young (2048K), 2 survivors (2048K)
 Metaspace       used 17515K, capacity 17676K, committed 17920K, reserved 1064960K
  class space    used 1690K, capacity 1729K, committed 1792K, reserved 1048576K
}
Event: 2.650 GC heap before
{Heap before GC invocations=2 (full 0):
 garbage-first heap   total 126976K, used 33385K [0x0000000084c00000, 0x0000000100000000)
  region size 1024K, 30 young (30720K), 2 survivors (2048K)
 Metaspace       used 20880K, capacity 21084K, committed 21248K, reserved 1069056K
  class space    used 2103K, capacity 2180K, committed 2304K, reserved 1048576K
}
Event: 2.654 GC heap after
{Heap after GC invocations=3 (full 0):
 garbage-first heap   total 126976K, used 6544K [0x0000000084c00000, 0x0000000100000000)
  region size 1024K, 2 young (2048K), 2 survivors (2048K)
 Metaspace       used 20880K, capacity 21084K, committed 21248K, reserved 1069056K
  class space    used 2103K, capacity 2180K, committed 2304K, reserved 1048576K
}
Event: 2.885 GC heap before
{Heap before GC invocations=4 (full 0):
 garbage-first heap   total 30720K, used 30096K [0x0000000084c00000, 0x0000000100000000)
  region size 1024K, 25 young (25600K), 2 survivors (2048K)
 Metaspace       used 23218K, capacity 23458K, committed 23808K, reserved 1071104K
  class space    used 2352K, capacity 2437K, committed 2560K, reserved 1048576K
}
Event: 2.889 GC heap after
{Heap after GC invocations=5 (full 0):
 garbage-first heap   total 33792K, used 6864K [0x0000000084c00000, 0x0000000100000000)
  region size 1024K, 3 young (3072K), 3 survivors (3072K)
 Metaspace       used 23218K, capacity 23458K, committed 23808K, reserved 1071104K
  class space    used 2352K, capacity 2437K, committed 2560K, reserved 1048576K
}
Event: 3.028 GC heap before
{Heap before GC invocations=5 (full 0):
 garbage-first heap   total 33792K, used 23248K [0x0000000084c00000, 0x0000000100000000)
  region size 1024K, 19 young (19456K), 3 survivors (3072K)
 Metaspace       used 24648K, capacity 24866K, committed 24960K, reserved 1071104K
  class space    used 2539K, capacity 2629K, committed 2688K, reserved 1048576K
}
Event: 3.033 GC heap after
{Heap after GC invocations=6 (full 0):
 garbage-first heap   total 33792K, used 7044K [0x0000000084c00000, 0x0000000100000000)
  region size 1024K, 2 young (2048K), 2 survivors (2048K)
 Metaspace       used 24648K, capacity 24866K, committed 24960K, reserved 1071104K
  class space    used 2539K, capacity 2629K, committed 2688K, reserved 1048576K
}
Event: 3.323 GC heap before
{Heap before GC invocations=6 (full 0):
 garbage-first heap   total 33792K, used 24452K [0x0000000084c00000, 0x0000000100000000)
  region size 1024K, 19 young (19456K), 2 survivors (2048K)
 Metaspace       used 26350K, capacity 26599K, committed 26752K, reserved 1073152K
  class space    used 2765K, capacity 2862K, committed 2944K, reserved 1048576K
}
Event: 3.328 GC heap after
{Heap after GC invocations=7 (full 0):
 garbage-first heap   total 33792K, used 7259K [0x0000000084c00000, 0x0000000100000000)
  region size 1024K, 2 young (2048K), 2 survivors (2048K)
 Metaspace       used 26350K, capacity 26599K, committed 26752K, reserved 1073152K
  class space    used 2765K, capacity 2862K, committed 2944K, reserved 1048576K
}
Event: 3.953 GC heap before
{Heap before GC invocations=7 (full 0):
 garbage-first heap   total 33792K, used 24667K [0x0000000084c00000, 0x0000000100000000)
  region size 1024K, 19 young (19456K), 2 survivors (2048K)
 Metaspace       used 27545K, capacity 27778K, committed 27904K, reserved 1075200K
  class space    used 2904K, capacity 2977K, committed 3072K, reserved 1048576K
}
Event: 3.961 GC heap after
{Heap after GC invocations=8 (full 0):
 garbage-first heap   total 33792K, used 8268K [0x0000000084c00000, 0x0000000100000000)
  region size 1024K, 2 young (2048K), 2 survivors (2048K)
 Metaspace       used 27545K, capacity 27778K, committed 27904K, reserved 1075200K
  class space    used 2904K, capacity 2977K, committed 3072K, reserved 1048576K
}
Event: 4.402 GC heap before
{Heap before GC invocations=8 (full 0):
 garbage-first heap   total 33792K, used 25676K [0x0000000084c00000, 0x0000000100000000)
  region size 1024K, 19 young (19456K), 2 survivors (2048K)
 Metaspace       used 28881K, capacity 29168K, committed 29312K, reserved 1075200K
  class space    used 3057K, capacity 3156K, committed 3200K, reserved 1048576K
}
Event: 4.411 GC heap after
{Heap after GC invocations=9 (full 0):
 garbage-first heap   total 33792K, used 8650K [0x0000000084c00000, 0x0000000100000000)
  region size 1024K, 2 young (2048K), 2 survivors (2048K)
 Metaspace       used 28881K, capacity 29168K, committed 29312K, reserved 1075200K
  class space    used 3057K, capacity 3156K, committed 3200K, reserved 1048576K
}
Event: 4.870 GC heap before
{Heap before GC invocations=9 (full 0):
 garbage-first heap   total 33792K, used 25034K [0x0000000084c00000, 0x0000000100000000)
  region size 1024K, 18 young (18432K), 2 survivors (2048K)
 Metaspace       used 30487K, capacity 30745K, committed 30848K, reserved 1077248K
  class space    used 3263K, capacity 3382K, committed 3456K, reserved 1048576K
}
Event: 4.878 GC heap after
{Heap after GC invocations=10 (full 0):
 garbage-first heap   total 40960K, used 9110K [0x0000000084c00000, 0x0000000100000000)
  region size 1024K, 2 young (2048K), 2 survivors (2048K)
 Metaspace       used 30487K, capacity 30745K, committed 30848K, reserved 1077248K
  class space    used 3263K, capacity 3382K, committed 3456K, reserved 1048576K
}
Event: 5.774 GC heap before
{Heap before GC invocations=10 (full 0):
 garbage-first heap   total 40960K, used 31638K [0x0000000084c00000, 0x0000000100000000)
  region size 1024K, 24 young (24576K), 2 survivors (2048K)
 Metaspace       used 33118K, capacity 33397K, committed 33408K, reserved 1079296K
  class space    used 3594K, capacity 3710K, committed 3712K, reserved 1048576K
}
Event: 5.782 GC heap after
{Heap after GC invocations=11 (full 0):
 garbage-first heap   total 40960K, used 10460K [0x0000000084c00000, 0x0000000100000000)
  region size 1024K, 3 young (3072K), 3 survivors (3072K)
 Metaspace       used 33118K, capacity 33397K, committed 33408K, reserved 1079296K
  class space    used 3594K, capacity 3710K, committed 3712K, reserved 1048576K
}
Event: 6.219 GC heap before
{Heap before GC invocations=11 (full 0):
 garbage-first heap   total 40960K, used 29916K [0x0000000084c00000, 0x0000000100000000)
  region size 1024K, 23 young (23552K), 3 survivors (3072K)
 Metaspace       used 35092K, capacity 35448K, committed 35712K, reserved 1081344K
  class space    used 3795K, capacity 3903K, committed 3968K, reserved 1048576K
}
Event: 6.228 GC heap after
{Heap after GC invocations=12 (full 0):
 garbage-first heap   total 40960K, used 11333K [0x0000000084c00000, 0x0000000100000000)
  region size 1024K, 3 young (3072K), 3 survivors (3072K)
 Metaspace       used 35092K, capacity 35448K, committed 35712K, reserved 1081344K
  class space    used 3795K, capacity 3903K, committed 3968K, reserved 1048576K
}

